2021-01-31 23:18:24 INFO  BaseCase:151 - CaseInfo{expectedResult='{"$.code":0,"$.msg":"OK"}', id=1, name='register', method='post', url='http://api.lemonban.com/futureloan/member/register', params='{"mobile_phone":"19000000000","pwd":""}', contentType='json', sql='null'}
2021-01-31 23:18:24 INFO  HttpUtils:133 - 200
2021-01-31 23:18:24 INFO  HttpUtils:136 - [Server: nginx/1.4.2, Date: Sun, 31 Jan 2021 15:18:24 GMT, Content-Type: application/json;charset=UTF-8, Transfer-Encoding: chunked, Connection: keep-alive]
2021-01-31 23:18:24 INFO  HttpUtils:141 - {"code":1,"msg":"密码为空","data":null,"copyright":"Copyright 柠檬班 © 2017-2020 湖南省零檬信息技术有限公司 All Rights Reserved"}
2021-01-31 23:18:25 INFO  BaseCase:113 - 断言结果: false
2021-01-31 23:18:25 INFO  BaseCase:151 - CaseInfo{expectedResult='{"$.code":0,"$.msg":"OK"}', id=2, name='register', method='post', url='http://api.lemonban.com/futureloan/member/register', params='{"mobile_phone":"","pwd":"123456"}', contentType='json', sql='null'}
2021-01-31 23:18:25 INFO  HttpUtils:133 - 200
2021-01-31 23:18:25 INFO  HttpUtils:136 - [Server: nginx/1.4.2, Date: Sun, 31 Jan 2021 15:18:25 GMT, Content-Type: application/json;charset=UTF-8, Transfer-Encoding: chunked, Connection: keep-alive]
2021-01-31 23:18:25 INFO  HttpUtils:141 - {"code":1,"msg":"手机号为空","data":null,"copyright":"Copyright 柠檬班 © 2017-2020 湖南省零檬信息技术有限公司 All Rights Reserved"}
2021-01-31 23:18:25 INFO  BaseCase:113 - 断言结果: false
2021-01-31 23:18:25 INFO  BaseCase:151 - CaseInfo{expectedResult='{"$.code":0,"$.msg":"OK"}', id=3, name='register', method='post', url='http://api.lemonban.com/futureloan/member/register', params='{"mobile_phone":"123","pwd":"123456123"}', contentType='json', sql='null'}
2021-01-31 23:18:25 INFO  HttpUtils:133 - 200
2021-01-31 23:18:25 INFO  HttpUtils:136 - [Server: nginx/1.4.2, Date: Sun, 31 Jan 2021 15:18:25 GMT, Content-Type: application/json;charset=UTF-8, Transfer-Encoding: chunked, Connection: keep-alive]
2021-01-31 23:18:25 INFO  HttpUtils:141 - {"code":2,"msg":"无效的手机格式","data":null,"copyright":"Copyright 柠檬班 © 2017-2020 湖南省零檬信息技术有限公司 All Rights Reserved"}
2021-01-31 23:18:25 INFO  BaseCase:113 - 断言结果: false
2021-01-31 23:18:25 INFO  BaseCase:151 - CaseInfo{expectedResult='{"$.code":0,"$.msg":"OK"}', id=4, name='register', method='post', url='http://api.lemonban.com/futureloan/member/register', params='{"mobile_phone":"19000000000","pwd":"12345"}', contentType='json', sql='null'}
2021-01-31 23:18:25 INFO  HttpUtils:133 - 200
2021-01-31 23:18:25 INFO  HttpUtils:136 - [Server: nginx/1.4.2, Date: Sun, 31 Jan 2021 15:18:25 GMT, Content-Type: application/json;charset=UTF-8, Transfer-Encoding: chunked, Connection: keep-alive]
2021-01-31 23:18:25 INFO  HttpUtils:141 - {"code":2,"msg":"密码格式为8到16位","data":null,"copyright":"Copyright 柠檬班 © 2017-2020 湖南省零檬信息技术有限公司 All Rights Reserved"}
2021-01-31 23:18:25 INFO  BaseCase:113 - 断言结果: false
2021-01-31 23:18:25 INFO  BaseCase:151 - CaseInfo{expectedResult='{"$.code":0,"$.msg":"OK"}', id=5, name='register', method='post', url='http://api.lemonban.com/futureloan/member/register', params='{"mobile_phone":"17749224439","pwd":"12345678"}', contentType='json', sql='select count(*) from member a where a.mobile_phone = '17749224439';'}
2021-01-31 23:18:26 INFO  HttpUtils:133 - 200
2021-01-31 23:18:26 INFO  HttpUtils:136 - [Server: nginx/1.4.2, Date: Sun, 31 Jan 2021 15:18:26 GMT, Content-Type: application/json;charset=UTF-8, Transfer-Encoding: chunked, Connection: keep-alive]
2021-01-31 23:18:26 INFO  HttpUtils:141 - {"code":0,"msg":"OK","data":{"id":1190052,"reg_name":"小柠檬","mobile_phone":"17749224439"},"copyright":"Copyright 柠檬班 © 2017-2020 湖南省零檬信息技术有限公司 All Rights Reserved"}
2021-01-31 23:18:26 INFO  BaseCase:113 - 断言结果: true
2021-01-31 23:18:26 INFO  BaseCase:151 - CaseInfo{expectedResult='{"$.code":0,"$.msg":"OK"}', id=6, name='register', method='post', url='http://api.lemonban.com/futureloan/member/register', params='{"mobile_phone":"17749224439","pwd":"12345678"}', contentType='json', sql='select count(*) from member a where a.mobile_phone = '17749224439';'}
2021-01-31 23:18:27 INFO  HttpUtils:133 - 200
2021-01-31 23:18:27 INFO  HttpUtils:136 - [Server: nginx/1.4.2, Date: Sun, 31 Jan 2021 15:18:27 GMT, Content-Type: application/json;charset=UTF-8, Transfer-Encoding: chunked, Connection: keep-alive]
2021-01-31 23:18:27 INFO  HttpUtils:141 - {"code":2,"msg":"账号已存在","data":null,"copyright":"Copyright 柠檬班 © 2017-2020 湖南省零檬信息技术有限公司 All Rights Reserved"}
2021-01-31 23:18:27 INFO  BaseCase:113 - 断言结果: false
2021-01-31 23:18:27 INFO  BaseCase:151 - CaseInfo{expectedResult='{"$.code":1,"$.msg":"密码为空"}', id=1, name='login', method='post', url='http://api.lemonban.com/futureloan/member/login', params='{"mobile_phone":"19000000000","pwd":""}', contentType='json', sql='null'}
2021-01-31 23:18:27 INFO  HttpUtils:133 - 200
2021-01-31 23:18:27 INFO  HttpUtils:136 - [Server: nginx/1.4.2, Date: Sun, 31 Jan 2021 15:18:27 GMT, Content-Type: application/json;charset=UTF-8, Transfer-Encoding: chunked, Connection: keep-alive]
2021-01-31 23:18:27 INFO  HttpUtils:141 - {"code":1,"msg":"密码为空","data":null,"copyright":"Copyright 柠檬班 © 2017-2020 湖南省零檬信息技术有限公司 All Rights Reserved"}
2021-01-31 23:18:27 INFO  BaseCase:113 - 断言结果: true
2021-01-31 23:18:27 INFO  BaseCase:151 - CaseInfo{expectedResult='{"$.code":0,"$.msg":"OK"}', id=2, name='login', method='post', url='http://api.lemonban.com/futureloan/member/login', params='{"mobile_phone":"","pwd":"123456"}', contentType='json', sql='null'}
2021-01-31 23:18:27 INFO  HttpUtils:133 - 200
2021-01-31 23:18:27 INFO  HttpUtils:136 - [Server: nginx/1.4.2, Date: Sun, 31 Jan 2021 15:18:27 GMT, Content-Type: application/json;charset=UTF-8, Transfer-Encoding: chunked, Connection: keep-alive]
2021-01-31 23:18:27 INFO  HttpUtils:141 - {"code":1,"msg":"手机号码为空","data":null,"copyright":"Copyright 柠檬班 © 2017-2020 湖南省零檬信息技术有限公司 All Rights Reserved"}
2021-01-31 23:18:27 INFO  BaseCase:113 - 断言结果: false
2021-01-31 23:18:27 INFO  BaseCase:151 - CaseInfo{expectedResult='{"$.code":0,"$.msg":"OK"}', id=3, name='login', method='post', url='http://api.lemonban.com/futureloan/member/login', params='{"mobile_phone":"123","pwd":"123456123"}', contentType='json', sql='null'}
2021-01-31 23:18:28 INFO  HttpUtils:133 - 200
2021-01-31 23:18:28 INFO  HttpUtils:136 - [Server: nginx/1.4.2, Date: Sun, 31 Jan 2021 15:18:28 GMT, Content-Type: application/json;charset=UTF-8, Transfer-Encoding: chunked, Connection: keep-alive]
2021-01-31 23:18:28 INFO  HttpUtils:141 - {"code":2,"msg":"无效的手机格式","data":null,"copyright":"Copyright 柠檬班 © 2017-2020 湖南省零檬信息技术有限公司 All Rights Reserved"}
2021-01-31 23:18:28 INFO  BaseCase:113 - 断言结果: false
2021-01-31 23:18:28 INFO  BaseCase:151 - CaseInfo{expectedResult='{"$.code":0,"$.msg":"OK"}', id=4, name='login', method='post', url='http://api.lemonban.com/futureloan/member/login', params='{"mobile_phone":"19000000000","pwd":"12345"}', contentType='json', sql='null'}
2021-01-31 23:18:28 INFO  HttpUtils:133 - 200
2021-01-31 23:18:28 INFO  HttpUtils:136 - [Server: nginx/1.4.2, Date: Sun, 31 Jan 2021 15:18:28 GMT, Content-Type: application/json;charset=UTF-8, Transfer-Encoding: chunked, Connection: keep-alive]
2021-01-31 23:18:28 INFO  HttpUtils:141 - {"code":2,"msg":"无效的手机格式","data":null,"copyright":"Copyright 柠檬班 © 2017-2020 湖南省零檬信息技术有限公司 All Rights Reserved"}
2021-01-31 23:18:28 INFO  BaseCase:113 - 断言结果: false
2021-01-31 23:18:28 INFO  BaseCase:151 - CaseInfo{expectedResult='{"$.code":0,"$.msg":"OK"}', id=5, name='login', method='post', url='http://api.lemonban.com/futureloan/member/login', params='{"mobile_phone":"13212332111","pwd":"12346567118"}', contentType='json', sql='null'}
2021-01-31 23:18:28 INFO  HttpUtils:133 - 200
2021-01-31 23:18:28 INFO  HttpUtils:136 - [Server: nginx/1.4.2, Date: Sun, 31 Jan 2021 15:18:28 GMT, Content-Type: application/json;charset=UTF-8, Transfer-Encoding: chunked, Connection: keep-alive]
2021-01-31 23:18:28 INFO  HttpUtils:141 - {"code":1001,"msg":"账号信息错误","data":null,"copyright":"Copyright 柠檬班 © 2017-2020 湖南省零檬信息技术有限公司 All Rights Reserved"}
2021-01-31 23:18:28 INFO  BaseCase:113 - 断言结果: false
2021-01-31 23:18:28 INFO  BaseCase:151 - CaseInfo{expectedResult='{"$.code":0,"$.msg":"OK","$.data.mobile_phone":"17749224439","$.data.type":1}', id=6, name='login', method='post', url='http://api.lemonban.com/futureloan/member/login', params='{"mobile_phone":"17749224439","pwd":"12345678"}', contentType='json', sql='null'}
2021-01-31 23:18:28 INFO  HttpUtils:133 - 200
2021-01-31 23:18:28 INFO  HttpUtils:136 - [Server: nginx/1.4.2, Date: Sun, 31 Jan 2021 15:18:28 GMT, Content-Type: application/json;charset=UTF-8, Transfer-Encoding: chunked, Connection: keep-alive]
2021-01-31 23:18:28 INFO  HttpUtils:141 - {"code":0,"msg":"OK","data":{"id":1190052,"leave_amount":0.0,"mobile_phone":"17749224439","reg_name":"小柠檬","reg_time":"2021-01-31 23:18:26.0","type":1,"token_info":{"token_type":"Bearer","expires_in":"2021-01-31 23:23:28","token":"eyJhbGciOiJIUzUxMiJ9.eyJtZW1iZXJfaWQiOjExOTAwNTIsImV4cCI6MTYxMjEwNjYwOH0.7MBSrKRPjgVabsA6GucAjSPJz8-39_stKgbuFQoXjGzX30BdQQcMVg479mOWNi7-hDiGhh-WjMoimxPfqAbzyQ"}},"copyright":"Copyright 柠檬班 © 2017-2020 湖南省零檬信息技术有限公司 All Rights Reserved"}
2021-01-31 23:18:28 INFO  BaseCase:113 - 断言结果: true
2021-01-31 23:18:28 INFO  BaseCase:151 - CaseInfo{expectedResult='{"$.code":0,"$.msg":"OK"}', id=1, name='info', method='GET', url='http://api.lemonban.com/futureloan/member/1190052/info', params='null', contentType='json', sql='null'}
2021-01-31 23:18:28 INFO  HttpUtils:133 - 200
2021-01-31 23:18:28 INFO  HttpUtils:136 - [Server: nginx/1.4.2, Date: Sun, 31 Jan 2021 15:18:28 GMT, Content-Type: application/json;charset=UTF-8, Transfer-Encoding: chunked, Connection: keep-alive]
2021-01-31 23:18:28 INFO  HttpUtils:141 - {"code":0,"msg":"OK","data":{"id":1190052,"leave_amount":0.0,"mobile_phone":"17749224439","reg_name":"小柠檬","reg_time":"2021-01-31 23:18:26.0","type":1},"copyright":"Copyright 柠檬班 © 2017-2020 湖南省零檬信息技术有限公司 All Rights Reserved"}
2021-01-31 23:18:28 INFO  BaseCase:113 - 断言结果: true
2021-01-31 23:18:28 INFO  BaseCase:151 - CaseInfo{expectedResult='{"$.code":0,"$.msg":"OK"}', id=1, name='recharge', method='post', url='http://api.lemonban.com/futureloan/member/recharge', params='{"member_id":"-1","amount":"6300"}', contentType='json', sql='null'}
2021-01-31 23:18:28 INFO  HttpUtils:133 - 200
2021-01-31 23:18:28 INFO  HttpUtils:136 - [Server: nginx/1.4.2, Date: Sun, 31 Jan 2021 15:18:28 GMT, Content-Type: application/json;charset=UTF-8, Transfer-Encoding: chunked, Connection: keep-alive]
2021-01-31 23:18:28 INFO  HttpUtils:141 - {"code":1007,"msg":"无权限访问，请检查参数","data":null,"copyright":"Copyright 柠檬班 © 2017-2020 湖南省零檬信息技术有限公司 All Rights Reserved"}
2021-01-31 23:18:28 INFO  BaseCase:113 - 断言结果: false
2021-01-31 23:18:28 INFO  BaseCase:151 - CaseInfo{expectedResult='{"$.code":0,"$.msg":"OK"}', id=2, name='recharge', method='post', url='http://api.lemonban.com/futureloan/member/recharge', params='{"member_id":"1190052","amount":"1116300"}', contentType='json', sql='null'}
2021-01-31 23:18:28 INFO  HttpUtils:133 - 200
2021-01-31 23:18:28 INFO  HttpUtils:136 - [Server: nginx/1.4.2, Date: Sun, 31 Jan 2021 15:18:28 GMT, Content-Type: application/json;charset=UTF-8, Transfer-Encoding: chunked, Connection: keep-alive]
2021-01-31 23:18:28 INFO  HttpUtils:141 - {"code":2,"msg":"余额必须大于0并且小于或者等于500000","data":null,"copyright":"Copyright 柠檬班 © 2017-2020 湖南省零檬信息技术有限公司 All Rights Reserved"}
2021-01-31 23:18:28 INFO  BaseCase:113 - 断言结果: false
2021-01-31 23:18:28 INFO  BaseCase:151 - CaseInfo{expectedResult='{"$.code":0,"$.msg":"OK"}', id=3, name='recharge', method='post', url='http://api.lemonban.com/futureloan/member/recharge', params='{"member_id":"1190052","amount":"-6300"}', contentType='json', sql='null'}
2021-01-31 23:18:28 INFO  HttpUtils:133 - 200
2021-01-31 23:18:28 INFO  HttpUtils:136 - [Server: nginx/1.4.2, Date: Sun, 31 Jan 2021 15:18:28 GMT, Content-Type: application/json;charset=UTF-8, Transfer-Encoding: chunked, Connection: keep-alive]
2021-01-31 23:18:28 INFO  HttpUtils:141 - {"code":2,"msg":"余额必须大于0并且小于或者等于500000","data":null,"copyright":"Copyright 柠檬班 © 2017-2020 湖南省零檬信息技术有限公司 All Rights Reserved"}
2021-01-31 23:18:28 INFO  BaseCase:113 - 断言结果: false
2021-01-31 23:18:28 INFO  BaseCase:151 - CaseInfo{expectedResult='{"$.code":0,"$.msg":"OK"}', id=4, name='recharge', method='post', url='http://api.lemonban.com/futureloan/member/recharge', params='{"member_id":"1190052","amount":"SSS"}', contentType='json', sql='null'}
2021-01-31 23:18:29 INFO  HttpUtils:133 - 200
2021-01-31 23:18:29 INFO  HttpUtils:136 - [Server: nginx/1.4.2, Date: Sun, 31 Jan 2021 15:18:29 GMT, Content-Type: application/json;charset=UTF-8, Transfer-Encoding: chunked, Connection: keep-alive]
2021-01-31 23:18:29 INFO  HttpUtils:141 - {"code":2,"msg":"余额必须为数值型","data":null,"copyright":"Copyright 柠檬班 © 2017-2020 湖南省零檬信息技术有限公司 All Rights Reserved"}
2021-01-31 23:18:29 INFO  BaseCase:113 - 断言结果: false
2021-01-31 23:18:29 INFO  BaseCase:151 - CaseInfo{expectedResult='{"$.code":0,"$.msg":"OK","$.data.id":2069116}', id=5, name='recharge', method='post', url='http://api.lemonban.com/futureloan/member/recharge', params='{"member_id":"1190052","amount":"1.11"}', contentType='json', sql='select leave_amount from member a where id = 1190052;'}
2021-01-31 23:18:29 INFO  HttpUtils:133 - 200
2021-01-31 23:18:29 INFO  HttpUtils:136 - [Server: nginx/1.4.2, Date: Sun, 31 Jan 2021 15:18:29 GMT, Content-Type: application/json;charset=UTF-8, Transfer-Encoding: chunked, Connection: keep-alive]
2021-01-31 23:18:29 INFO  HttpUtils:141 - {"code":0,"msg":"OK","data":{"id":1190052,"leave_amount":1.11,"mobile_phone":"17749224439","reg_name":"小柠檬","reg_time":"2021-01-31 23:18:26.0","type":1},"copyright":"Copyright 柠檬班 © 2017-2020 湖南省零檬信息技术有限公司 All Rights Reserved"}
2021-01-31 23:18:29 INFO  BaseCase:113 - 断言结果: true
2021-01-31 23:18:29 INFO  RechargeCase:68 - 数据库断言：pass
2021-01-31 23:18:29 INFO  BaseCase:151 - CaseInfo{expectedResult='{"$.code":0,"$.msg":"OK","$.data.id":1190052}', id=6, name='recharge', method='post', url='http://api.lemonban.com/futureloan/member/recharge', params='{"member_id":"1190052","amount":"5000"}', contentType='json', sql='select leave_amount from member a where id = 1190052;'}
2021-01-31 23:18:31 INFO  HttpUtils:133 - 200
2021-01-31 23:18:31 INFO  HttpUtils:136 - [Server: nginx/1.4.2, Date: Sun, 31 Jan 2021 15:18:31 GMT, Content-Type: application/json;charset=UTF-8, Transfer-Encoding: chunked, Connection: keep-alive]
2021-01-31 23:18:31 INFO  HttpUtils:141 - {"code":0,"msg":"OK","data":{"id":1190052,"leave_amount":5001.11,"mobile_phone":"17749224439","reg_name":"小柠檬","reg_time":"2021-01-31 23:18:26.0","type":1},"copyright":"Copyright 柠檬班 © 2017-2020 湖南省零檬信息技术有限公司 All Rights Reserved"}
2021-01-31 23:18:31 INFO  BaseCase:113 - 断言结果: true
2021-01-31 23:18:31 INFO  RechargeCase:68 - 数据库断言：pass
2021-01-31 23:18:31 INFO  BaseCase:151 - CaseInfo{expectedResult='{"$.code":0,"$.msg":"OK"}', id=1, name='add', method='post', url='http://api.lemonban.com/futureloan/loan/add', params='{ "member_id":1190052, "title":"报名 Java 全栈自动化课程", "amount":6300.00, "loan_rate":12.0, "loan_term":12, "loan_date_type":1, "bidding_days":5 }', contentType='json', sql='null'}
2021-01-31 23:18:31 INFO  HttpUtils:133 - 200
2021-01-31 23:18:31 INFO  HttpUtils:136 - [Server: nginx/1.4.2, Date: Sun, 31 Jan 2021 15:18:31 GMT, Content-Type: application/json;charset=UTF-8, Transfer-Encoding: chunked, Connection: keep-alive]
2021-01-31 23:18:31 INFO  HttpUtils:141 - {"code":0,"msg":"OK","data":{"id":1341,"member_id":1190052,"title":"报名 Java 全栈自动化课程","amount":6300.0,"loan_rate":12.0,"loan_term":12,"loan_date_type":1,"bidding_days":5,"create_time":"2021-01-31 23:18:31.0","bidding_start_time":null,"full_time":null,"status":1},"copyright":"Copyright 柠檬班 © 2017-2020 湖南省零檬信息技术有限公司 All Rights Reserved"}
2021-01-31 23:18:31 INFO  BaseCase:113 - 断言结果: true
2021-01-31 23:18:32 INFO  BaseCase:151 - CaseInfo{expectedResult='{"$.code":0,"$.msg":"OK"}', id=1, name='login', method='post', url='http://api.lemonban.com/futureloan/member/login', params='{"mobile_phone":"14791355931","pwd":"12345678"}', contentType='json', sql='null'}
2021-01-31 23:18:32 INFO  HttpUtils:133 - 200
2021-01-31 23:18:32 INFO  HttpUtils:136 - [Server: nginx/1.4.2, Date: Sun, 31 Jan 2021 15:18:32 GMT, Content-Type: application/json;charset=UTF-8, Transfer-Encoding: chunked, Connection: keep-alive]
2021-01-31 23:18:32 INFO  HttpUtils:141 - {"code":1001,"msg":"账号信息错误","data":null,"copyright":"Copyright 柠檬班 © 2017-2020 湖南省零檬信息技术有限公司 All Rights Reserved"}
2021-01-31 23:18:32 INFO  BaseCase:113 - 断言结果: false
2021-01-31 23:18:32 INFO  BaseCase:151 - CaseInfo{expectedResult='{"$.code":0,"$.msg":"OK"}', id=1, name='audit', method='PATCH', url='http://api.lemonban.com/futureloan/loan/audit', params='{ "loan_id": 1341, "approved_or_not": true }', contentType='json', sql='null'}
2021-01-31 23:18:32 INFO  HttpUtils:133 - 200
2021-01-31 23:18:32 INFO  HttpUtils:136 - [Server: nginx/1.4.2, Date: Sun, 31 Jan 2021 15:18:32 GMT, Content-Type: application/json;charset=UTF-8, Transfer-Encoding: chunked, Connection: keep-alive]
2021-01-31 23:18:32 INFO  HttpUtils:141 - {"code":2,"msg":"普通会员不能审核项目，请使用管理员账号","data":null,"copyright":"Copyright 柠檬班 © 2017-2020 湖南省零檬信息技术有限公司 All Rights Reserved"}
2021-01-31 23:18:32 INFO  BaseCase:113 - 断言结果: false
2021-01-31 23:18:32 INFO  BaseCase:151 - CaseInfo{expectedResult='{"$.code":0,"$.msg":"OK"}', id=1, name='invest', method='post', url='http://api.lemonban.com/futureloan/member/invest', params='{"member_id":1190052,"loan_id":1341,"amount":6300.00} ', contentType='json', sql='null'}
2021-01-31 23:18:32 INFO  HttpUtils:133 - 200
2021-01-31 23:18:32 INFO  HttpUtils:136 - [Server: nginx/1.4.2, Date: Sun, 31 Jan 2021 15:18:32 GMT, Content-Type: application/json;charset=UTF-8, Transfer-Encoding: chunked, Connection: keep-alive]
2021-01-31 23:18:32 INFO  HttpUtils:141 - {"code":2,"msg":"该项目不在竞标中状态","data":null,"copyright":"Copyright 柠檬班 © 2017-2020 湖南省零檬信息技术有限公司 All Rights Reserved"}
2021-01-31 23:18:32 INFO  BaseCase:113 - 断言结果: false
2021-01-31 23:18:32 INFO  BaseCase:151 - CaseInfo{expectedResult='{"$.code":0,"$.msg":"OK"}', id=1, name='info', method='GET', url='http://api.lemonban.com/futureloan/member/1190052/info', params='null', contentType='json', sql='null'}
2021-01-31 23:18:32 INFO  HttpUtils:133 - 200
2021-01-31 23:18:32 INFO  HttpUtils:136 - [Server: nginx/1.4.2, Date: Sun, 31 Jan 2021 15:18:32 GMT, Content-Type: application/json;charset=UTF-8, Transfer-Encoding: chunked, Connection: keep-alive]
2021-01-31 23:18:32 INFO  HttpUtils:141 - {"code":0,"msg":"OK","data":{"id":1190052,"leave_amount":5001.11,"mobile_phone":"17749224439","reg_name":"小柠檬","reg_time":"2021-01-31 23:18:26.0","type":1},"copyright":"Copyright 柠檬班 © 2017-2020 湖南省零檬信息技术有限公司 All Rights Reserved"}
2021-01-31 23:18:32 INFO  BaseCase:113 - 断言结果: true
